<?xml version="1.0" encoding="UTF-8"?>
<testsuite name="vol.ReservationTest" tests="1" skipped="0" failures="0" errors="0" timestamp="2019-10-20T18:07:19" hostname="DESKTOP-4AMQ4FB" time="0.002">
  <properties/>
  <testcase name="annuler" classname="vol.ReservationTest" time="0.002"/>
  <system-out><![CDATA[]]></system-out>
  <system-err><![CDATA[]]></system-err>
</testsuite>
