<?xml version="1.0" encoding="UTF-8"?>
<testsuite name="vol.ReservationTest" tests="1" skipped="0" failures="0" errors="0" timestamp="2019-10-19T12:32:23" hostname="ubuntuvdi17.sciences.lan" time="0.004">
  <properties/>
  <testcase name="annuler" classname="vol.ReservationTest" time="0.004"/>
  <system-out><![CDATA[]]></system-out>
  <system-err><![CDATA[]]></system-err>
</testsuite>
